# JRE version: Java(TM) SE Runtime Environment (8.0_161-b12) (build 1.8.0_161-b12)
# Java VM: Java HotSpot(TM) 64-Bit Server VM (25.161-b12 mixed mode windows-amd64 compressed oops)
Heap:
 PSYoungGen      total 251904K, used 17236K [0x0000000780800000, 0x0000000791900000, 0x00000007c0000000)
  eden space 242688K, 7% used [0x0000000780800000,0x00000007818d50b8,0x000000078f500000)
  from space 9216K, 0% used [0x0000000791000000,0x0000000791000000,0x0000000791900000)
  to   space 12800K, 0% used [0x0000000790000000,0x0000000790000000,0x0000000790c80000)
 ParOldGen       total 70144K, used 26092K [0x0000000701800000, 0x0000000705c80000, 0x0000000780800000)
  object space 70144K, 37% used [0x0000000701800000,0x000000070317b2f8,0x0000000705c80000)
 Metaspace       used 49872K, capacity 52042K, committed 52352K, reserved 1093632K
  class space    used 6838K, capacity 7255K, committed 7296K, reserved 1048576K
GC Heap History (10 events):
Event: 4.045 GC heap before
{Heap before GC invocations=7 (full 1):
 PSYoungGen      total 106496K, used 105438K [0x0000000780800000, 0x000000078b880000, 0x00000007c0000000)
  eden space 98304K, 100% used [0x0000000780800000,0x0000000786800000,0x0000000786800000)
  from space 8192K, 87% used [0x0000000786800000,0x0000000786ef78b8,0x0000000787000000)
  to   space 8192K, 0% used [0x000000078b080000,0x000000078b080000,0x000000078b880000)
 ParOldGen       total 70144K, used 5743K [0x0000000701800000, 0x0000000705c80000, 0x0000000780800000)
  object space 70144K, 8% used [0x0000000701800000,0x0000000701d9bdb0,0x0000000705c80000)
 Metaspace       used 30358K, capacity 32250K, committed 32384K, reserved 1077248K
  class space    used 4064K, capacity 4445K, committed 4480K, reserved 1048576K
Event: 4.056 GC heap after
Heap after GC invocations=7 (full 1):
 PSYoungGen      total 167936K, used 8183K [0x0000000780800000, 0x000000078b880000, 0x00000007c0000000)
  eden space 159744K, 0% used [0x0000000780800000,0x0000000780800000,0x000000078a400000)
  from space 8192K, 99% used [0x000000078b080000,0x000000078b87dd58,0x000000078b880000)
  to   space 9728K, 0% used [0x000000078a580000,0x000000078a580000,0x000000078af00000)
 ParOldGen       total 70144K, used 6792K [0x0000000701800000, 0x0000000705c80000, 0x0000000780800000)
  object space 70144K, 9% used [0x0000000701800000,0x0000000701ea20e0,0x0000000705c80000)
 Metaspace       used 30358K, capacity 32250K, committed 32384K, reserved 1077248K
  class space    used 4064K, capacity 4445K, committed 4480K, reserved 1048576K
}
Event: 4.585 GC heap before
{Heap before GC invocations=8 (full 1):
 PSYoungGen      total 167936K, used 40139K [0x0000000780800000, 0x000000078b880000, 0x00000007c0000000)
  eden space 159744K, 20% used [0x0000000780800000,0x0000000782735150,0x000000078a400000)
  from space 8192K, 99% used [0x000000078b080000,0x000000078b87dd58,0x000000078b880000)
  to   space 9728K, 0% used [0x000000078a580000,0x000000078a580000,0x000000078af00000)
 ParOldGen       total 70144K, used 6792K [0x0000000701800000, 0x0000000705c80000, 0x0000000780800000)
  object space 70144K, 9% used [0x0000000701800000,0x0000000701ea20e0,0x0000000705c80000)
 Metaspace       used 33343K, capacity 35306K, committed 35416K, reserved 1079296K
  class space    used 4415K, capacity 4801K, committed 4864K, reserved 1048576K
Event: 4.602 GC heap after
Heap after GC invocations=8 (full 1):
 PSYoungGen      total 171008K, used 7528K [0x0000000780800000, 0x0000000791900000, 0x00000007c0000000)
  eden space 161280K, 0% used [0x0000000780800000,0x0000000780800000,0x000000078a580000)
  from space 9728K, 77% used [0x000000078a580000,0x000000078acda208,0x000000078af00000)
  to   space 9216K, 0% used [0x0000000791000000,0x0000000791000000,0x0000000791900000)
 ParOldGen       total 70144K, used 6800K [0x0000000701800000, 0x0000000705c80000, 0x0000000780800000)
  object space 70144K, 9% used [0x0000000701800000,0x0000000701ea40e0,0x0000000705c80000)
 Metaspace       used 33343K, capacity 35306K, committed 35416K, reserved 1079296K
  class space    used 4415K, capacity 4801K, committed 4864K, reserved 1048576K
}
Event: 4.602 GC heap before
{Heap before GC invocations=9 (full 2):
 PSYoungGen      total 171008K, used 7528K [0x0000000780800000, 0x0000000791900000, 0x00000007c0000000)
  eden space 161280K, 0% used [0x0000000780800000,0x0000000780800000,0x000000078a580000)
  from space 9728K, 77% used [0x000000078a580000,0x000000078acda208,0x000000078af00000)
  to   space 9216K, 0% used [0x0000000791000000,0x0000000791000000,0x0000000791900000)
 ParOldGen       total 70144K, used 6800K [0x0000000701800000, 0x0000000705c80000, 0x0000000780800000)
  object space 70144K, 9% used [0x0000000701800000,0x0000000701ea40e0,0x0000000705c80000)
 Metaspace       used 33343K, capacity 35306K, committed 35416K, reserved 1079296K
  class space    used 4415K, capacity 4801K, committed 4864K, reserved 1048576K
Event: 4.661 GC heap after
Heap after GC invocations=9 (full 2):
 PSYoungGen      total 171008K, used 0K [0x0000000780800000, 0x0000000791900000, 0x00000007c0000000)
  eden space 161280K, 0% used [0x0000000780800000,0x0000000780800000,0x000000078a580000)
  from space 9728K, 0% used [0x000000078a580000,0x000000078a580000,0x000000078af00000)
  to   space 9216K, 0% used [0x0000000791000000,0x0000000791000000,0x0000000791900000)
 ParOldGen       total 70144K, used 12400K [0x0000000701800000, 0x0000000705c80000, 0x0000000780800000)
  object space 70144K, 17% used [0x0000000701800000,0x000000070241c178,0x0000000705c80000)
 Metaspace       used 33343K, capacity 35306K, committed 35416K, reserved 1079296K
  class space    used 4415K, capacity 4801K, committed 4864K, reserved 1048576K
}
Event: 7.218 GC heap before
{Heap before GC invocations=10 (full 2):
 PSYoungGen      total 171008K, used 120460K [0x0000000780800000, 0x0000000791900000, 0x00000007c0000000)
  eden space 161280K, 74% used [0x0000000780800000,0x0000000787da3170,0x000000078a580000)
  from space 9728K, 0% used [0x000000078a580000,0x000000078a580000,0x000000078af00000)
  to   space 9216K, 0% used [0x0000000791000000,0x0000000791000000,0x0000000791900000)
 ParOldGen       total 70144K, used 12400K [0x0000000701800000, 0x0000000705c80000, 0x0000000780800000)
  object space 70144K, 17% used [0x0000000701800000,0x000000070241c178,0x0000000705c80000)
 Metaspace       used 48484K, capacity 50532K, committed 50816K, reserved 1093632K
  class space    used 6633K, capacity 7030K, committed 7040K, reserved 1048576K
Event: 7.234 GC heap after
Heap after GC invocations=10 (full 2):
 PSYoungGen      total 251904K, used 9211K [0x0000000780800000, 0x0000000791900000, 0x00000007c0000000)
  eden space 242688K, 0% used [0x0000000780800000,0x0000000780800000,0x000000078f500000)
  from space 9216K, 99% used [0x0000000791000000,0x00000007918fef78,0x0000000791900000)
  to   space 12800K, 0% used [0x0000000790000000,0x0000000790000000,0x0000000790c80000)
 ParOldGen       total 70144K, used 19109K [0x0000000701800000, 0x0000000705c80000, 0x0000000780800000)
  object space 70144K, 27% used [0x0000000701800000,0x0000000702aa9578,0x0000000705c80000)
 Metaspace       used 48484K, capacity 50532K, committed 50816K, reserved 1093632K
  class space    used 6633K, capacity 7030K, committed 7040K, reserved 1048576K
}
Event: 7.234 GC heap before
{Heap before GC invocations=11 (full 3):
 PSYoungGen      total 251904K, used 9211K [0x0000000780800000, 0x0000000791900000, 0x00000007c0000000)
  eden space 242688K, 0% used [0x0000000780800000,0x0000000780800000,0x000000078f500000)
  from space 9216K, 99% used [0x0000000791000000,0x00000007918fef78,0x0000000791900000)
  to   space 12800K, 0% used [0x0000000790000000,0x0000000790000000,0x0000000790c80000)
 ParOldGen       total 70144K, used 19109K [0x0000000701800000, 0x0000000705c80000, 0x0000000780800000)
  object space 70144K, 27% used [0x0000000701800000,0x0000000702aa9578,0x0000000705c80000)
 Metaspace       used 48484K, capacity 50532K, committed 50816K, reserved 1093632K
  class space    used 6633K, capacity 7030K, committed 7040K, reserved 1048576K
Event: 7.411 GC heap after
Heap after GC invocations=11 (full 3):
 PSYoungGen      total 251904K, used 0K [0x0000000780800000, 0x0000000791900000, 0x00000007c0000000)
  eden space 242688K, 0% used [0x0000000780800000,0x0000000780800000,0x000000078f500000)
  from space 9216K, 0% used [0x0000000791000000,0x0000000791000000,0x0000000791900000)
  to   space 12800K, 0% used [0x0000000790000000,0x0000000790000000,0x0000000790c80000)
 ParOldGen       total 70144K, used 26092K [0x0000000701800000, 0x0000000705c80000, 0x0000000780800000)
  object space 70144K, 37% used [0x0000000701800000,0x000000070317b2f8,0x0000000705c80000)
 Metaspace       used 48484K, capacity 50532K, committed 50816K, reserved 1093632K
  class space    used 6633K, capacity 7030K, committed 7040K, reserved 1048576K
}

