# JRE version: Java(TM) SE Runtime Environment (8.0_161-b12) (build 1.8.0_161-b12)
# Java VM: Java HotSpot(TM) 64-Bit Server VM (25.161-b12 mixed mode windows-amd64 compressed oops)
Heap:
 PSYoungGen      total 236032K, used 48255K [0x0000000780800000, 0x0000000793300000, 0x00000007c0000000)
  eden space 221696K, 21% used [0x0000000780800000,0x000000078371fca8,0x000000078e080000)
  from space 14336K, 0% used [0x000000078e080000,0x000000078e080000,0x000000078ee80000)
  to   space 15360K, 0% used [0x0000000792400000,0x0000000792400000,0x0000000793300000)
 ParOldGen       total 172032K, used 22864K [0x0000000701800000, 0x000000070c000000, 0x0000000780800000)
  object space 172032K, 13% used [0x0000000701800000,0x0000000702e54100,0x000000070c000000)
 Metaspace       used 59417K, capacity 62310K, committed 62464K, reserved 1103872K
  class space    used 8163K, capacity 8679K, committed 8704K, reserved 1048576K
GC Heap History (10 events):
Event: 4.447 GC heap before
{Heap before GC invocations=8 (full 1):
 PSYoungGen      total 158720K, used 52453K [0x0000000780800000, 0x000000078af80000, 0x00000007c0000000)
  eden space 150528K, 29% used [0x0000000780800000,0x000000078333c3c0,0x0000000789b00000)
  from space 8192K, 99% used [0x000000078a780000,0x000000078af7d2c0,0x000000078af80000)
  to   space 9216K, 0% used [0x0000000789d80000,0x0000000789d80000,0x000000078a680000)
 ParOldGen       total 74752K, used 7050K [0x0000000701800000, 0x0000000706100000, 0x0000000780800000)
  object space 74752K, 9% used [0x0000000701800000,0x0000000701ee2ae8,0x0000000706100000)
 Metaspace       used 33343K, capacity 35320K, committed 35416K, reserved 1079296K
  class space    used 4422K, capacity 4802K, committed 4864K, reserved 1048576K
Event: 4.460 GC heap after
Heap after GC invocations=8 (full 1):
 PSYoungGen      total 162304K, used 8045K [0x0000000780800000, 0x000000078fc80000, 0x00000007c0000000)
  eden space 153088K, 0% used [0x0000000780800000,0x0000000780800000,0x0000000789d80000)
  from space 9216K, 87% used [0x0000000789d80000,0x000000078a55b4f8,0x000000078a680000)
  to   space 9728K, 0% used [0x000000078f300000,0x000000078f300000,0x000000078fc80000)
 ParOldGen       total 74752K, used 7058K [0x0000000701800000, 0x0000000706100000, 0x0000000780800000)
  object space 74752K, 9% used [0x0000000701800000,0x0000000701ee4ae8,0x0000000706100000)
 Metaspace       used 33343K, capacity 35320K, committed 35416K, reserved 1079296K
  class space    used 4422K, capacity 4802K, committed 4864K, reserved 1048576K
}
Event: 4.460 GC heap before
{Heap before GC invocations=9 (full 2):
 PSYoungGen      total 162304K, used 8045K [0x0000000780800000, 0x000000078fc80000, 0x00000007c0000000)
  eden space 153088K, 0% used [0x0000000780800000,0x0000000780800000,0x0000000789d80000)
  from space 9216K, 87% used [0x0000000789d80000,0x000000078a55b4f8,0x000000078a680000)
  to   space 9728K, 0% used [0x000000078f300000,0x000000078f300000,0x000000078fc80000)
 ParOldGen       total 74752K, used 7058K [0x0000000701800000, 0x0000000706100000, 0x0000000780800000)
  object space 74752K, 9% used [0x0000000701800000,0x0000000701ee4ae8,0x0000000706100000)
 Metaspace       used 33343K, capacity 35320K, committed 35416K, reserved 1079296K
  class space    used 4422K, capacity 4802K, committed 4864K, reserved 1048576K
Event: 4.520 GC heap after
Heap after GC invocations=9 (full 2):
 PSYoungGen      total 162304K, used 0K [0x0000000780800000, 0x000000078fc80000, 0x00000007c0000000)
  eden space 153088K, 0% used [0x0000000780800000,0x0000000780800000,0x0000000789d80000)
  from space 9216K, 0% used [0x0000000789d80000,0x0000000789d80000,0x000000078a680000)
  to   space 9728K, 0% used [0x000000078f300000,0x000000078f300000,0x000000078fc80000)
 ParOldGen       total 118272K, used 12991K [0x0000000701800000, 0x0000000708b80000, 0x0000000780800000)
  object space 118272K, 10% used [0x0000000701800000,0x00000007024afc90,0x0000000708b80000)
 Metaspace       used 33343K, capacity 35320K, committed 35416K, reserved 1079296K
  class space    used 4422K, capacity 4802K, committed 4864K, reserved 1048576K
}
Event: 7.638 GC heap before
{Heap before GC invocations=10 (full 2):
 PSYoungGen      total 162304K, used 153088K [0x0000000780800000, 0x000000078fc80000, 0x00000007c0000000)
  eden space 153088K, 100% used [0x0000000780800000,0x0000000789d80000,0x0000000789d80000)
  from space 9216K, 0% used [0x0000000789d80000,0x0000000789d80000,0x000000078a680000)
  to   space 9728K, 0% used [0x000000078f300000,0x000000078f300000,0x000000078fc80000)
 ParOldGen       total 118272K, used 12991K [0x0000000701800000, 0x0000000708b80000, 0x0000000780800000)
  object space 118272K, 10% used [0x0000000701800000,0x00000007024afc90,0x0000000708b80000)
 Metaspace       used 51259K, capacity 53464K, committed 53760K, reserved 1095680K
  class space    used 6979K, capacity 7396K, committed 7424K, reserved 1048576K
Event: 7.657 GC heap after
Heap after GC invocations=10 (full 2):
 PSYoungGen      total 229888K, used 9723K [0x0000000780800000, 0x000000078fc80000, 0x00000007c0000000)
  eden space 220160K, 0% used [0x0000000780800000,0x0000000780800000,0x000000078df00000)
  from space 9728K, 99% used [0x000000078f300000,0x000000078fc7ee60,0x000000078fc80000)
  to   space 14336K, 0% used [0x000000078e080000,0x000000078e080000,0x000000078ee80000)
 ParOldGen       total 118272K, used 21864K [0x0000000701800000, 0x0000000708b80000, 0x0000000780800000)
  object space 118272K, 18% used [0x0000000701800000,0x0000000702d5a178,0x0000000708b80000)
 Metaspace       used 51259K, capacity 53464K, committed 53760K, reserved 1095680K
  class space    used 6979K, capacity 7396K, committed 7424K, reserved 1048576K
}
Event: 8.822 GC heap before
{Heap before GC invocations=11 (full 2):
 PSYoungGen      total 229888K, used 95021K [0x0000000780800000, 0x000000078fc80000, 0x00000007c0000000)
  eden space 220160K, 38% used [0x0000000780800000,0x0000000785b4c7a0,0x000000078df00000)
  from space 9728K, 99% used [0x000000078f300000,0x000000078fc7ee60,0x000000078fc80000)
  to   space 14336K, 0% used [0x000000078e080000,0x000000078e080000,0x000000078ee80000)
 ParOldGen       total 118272K, used 21864K [0x0000000701800000, 0x0000000708b80000, 0x0000000780800000)
  object space 118272K, 18% used [0x0000000701800000,0x0000000702d5a178,0x0000000708b80000)
 Metaspace       used 56448K, capacity 58692K, committed 59008K, reserved 1099776K
  class space    used 7750K, capacity 8200K, committed 8320K, reserved 1048576K
Event: 8.838 GC heap after
Heap after GC invocations=11 (full 2):
 PSYoungGen      total 236032K, used 12208K [0x0000000780800000, 0x0000000793300000, 0x00000007c0000000)
  eden space 221696K, 0% used [0x0000000780800000,0x0000000780800000,0x000000078e080000)
  from space 14336K, 85% used [0x000000078e080000,0x000000078ec6c050,0x000000078ee80000)
  to   space 15360K, 0% used [0x0000000792400000,0x0000000792400000,0x0000000793300000)
 ParOldGen       total 118272K, used 21872K [0x0000000701800000, 0x0000000708b80000, 0x0000000780800000)
  object space 118272K, 18% used [0x0000000701800000,0x0000000702d5c178,0x0000000708b80000)
 Metaspace       used 56448K, capacity 58692K, committed 59008K, reserved 1099776K
  class space    used 7750K, capacity 8200K, committed 8320K, reserved 1048576K
}
Event: 8.838 GC heap before
{Heap before GC invocations=12 (full 3):
 PSYoungGen      total 236032K, used 12208K [0x0000000780800000, 0x0000000793300000, 0x00000007c0000000)
  eden space 221696K, 0% used [0x0000000780800000,0x0000000780800000,0x000000078e080000)
  from space 14336K, 85% used [0x000000078e080000,0x000000078ec6c050,0x000000078ee80000)
  to   space 15360K, 0% used [0x0000000792400000,0x0000000792400000,0x0000000793300000)
 ParOldGen       total 118272K, used 21872K [0x0000000701800000, 0x0000000708b80000, 0x0000000780800000)
  object space 118272K, 18% used [0x0000000701800000,0x0000000702d5c178,0x0000000708b80000)
 Metaspace       used 56448K, capacity 58692K, committed 59008K, reserved 1099776K
  class space    used 7750K, capacity 8200K, committed 8320K, reserved 1048576K
Event: 9.029 GC heap after
Heap after GC invocations=12 (full 3):
 PSYoungGen      total 236032K, used 0K [0x0000000780800000, 0x0000000793300000, 0x00000007c0000000)
  eden space 221696K, 0% used [0x0000000780800000,0x0000000780800000,0x000000078e080000)
  from space 14336K, 0% used [0x000000078e080000,0x000000078e080000,0x000000078ee80000)
  to   space 15360K, 0% used [0x0000000792400000,0x0000000792400000,0x0000000793300000)
 ParOldGen       total 172032K, used 22864K [0x0000000701800000, 0x000000070c000000, 0x0000000780800000)
  object space 172032K, 13% used [0x0000000701800000,0x0000000702e54100,0x000000070c000000)
 Metaspace       used 56448K, capacity 58692K, committed 59008K, reserved 1099776K
  class space    used 7750K, capacity 8200K, committed 8320K, reserved 1048576K
}

