# JRE version: Java(TM) SE Runtime Environment (8.0_161-b12) (build 1.8.0_161-b12)
# Java VM: Java HotSpot(TM) 64-Bit Server VM (25.161-b12 mixed mode windows-amd64 compressed oops)
Heap:
 PSYoungGen      total 106496K, used 85290K [0x0000000780800000, 0x000000078ec00000, 0x00000007c0000000)
  eden space 98304K, 78% used [0x0000000780800000,0x000000078534eae0,0x0000000786800000)
  from space 8192K, 99% used [0x0000000786800000,0x0000000786ffc010,0x0000000787000000)
  to   space 18432K, 0% used [0x000000078da00000,0x000000078da00000,0x000000078ec00000)
 ParOldGen       total 131072K, used 19119K [0x0000000701800000, 0x0000000709800000, 0x0000000780800000)
  object space 131072K, 14% used [0x0000000701800000,0x0000000702aabe10,0x0000000709800000)
 Metaspace       used 19695K, capacity 20174K, committed 20352K, reserved 1067008K
  class space    used 2235K, capacity 2390K, committed 2432K, reserved 1048576K
GC Heap History (10 events):
Event: 1.340 GC heap before
{Heap before GC invocations=1 (full 0):
 PSYoungGen      total 57344K, used 49152K [0x0000000780800000, 0x0000000784800000, 0x00000007c0000000)
  eden space 49152K, 100% used [0x0000000780800000,0x0000000783800000,0x0000000783800000)
  from space 8192K, 0% used [0x0000000784000000,0x0000000784000000,0x0000000784800000)
  to   space 8192K, 0% used [0x0000000783800000,0x0000000783800000,0x0000000784000000)
 ParOldGen       total 131072K, used 0K [0x0000000701800000, 0x0000000709800000, 0x0000000780800000)
  object space 131072K, 0% used [0x0000000701800000,0x0000000701800000,0x0000000709800000)
 Metaspace       used 10086K, capacity 10332K, committed 10624K, reserved 1058816K
  class space    used 1231K, capacity 1313K, committed 1408K, reserved 1048576K
Event: 1.346 GC heap after
Heap after GC invocations=1 (full 0):
 PSYoungGen      total 57344K, used 7359K [0x0000000780800000, 0x0000000784800000, 0x00000007c0000000)
  eden space 49152K, 0% used [0x0000000780800000,0x0000000780800000,0x0000000783800000)
  from space 8192K, 89% used [0x0000000783800000,0x0000000783f2fdc0,0x0000000784000000)
  to   space 8192K, 0% used [0x0000000784000000,0x0000000784000000,0x0000000784800000)
 ParOldGen       total 131072K, used 16K [0x0000000701800000, 0x0000000709800000, 0x0000000780800000)
  object space 131072K, 0% used [0x0000000701800000,0x0000000701804000,0x0000000709800000)
 Metaspace       used 10086K, capacity 10332K, committed 10624K, reserved 1058816K
  class space    used 1231K, capacity 1313K, committed 1408K, reserved 1048576K
}
Event: 2.195 GC heap before
{Heap before GC invocations=2 (full 0):
 PSYoungGen      total 57344K, used 56511K [0x0000000780800000, 0x0000000784800000, 0x00000007c0000000)
  eden space 49152K, 100% used [0x0000000780800000,0x0000000783800000,0x0000000783800000)
  from space 8192K, 89% used [0x0000000783800000,0x0000000783f2fdc0,0x0000000784000000)
  to   space 8192K, 0% used [0x0000000784000000,0x0000000784000000,0x0000000784800000)
 ParOldGen       total 131072K, used 16K [0x0000000701800000, 0x0000000709800000, 0x0000000780800000)
  object space 131072K, 0% used [0x0000000701800000,0x0000000701804000,0x0000000709800000)
 Metaspace       used 15049K, capacity 15280K, committed 15616K, reserved 1062912K
  class space    used 1843K, capacity 1944K, committed 2048K, reserved 1048576K
Event: 2.206 GC heap after
Heap after GC invocations=2 (full 0):
 PSYoungGen      total 57344K, used 8180K [0x0000000780800000, 0x0000000784800000, 0x00000007c0000000)
  eden space 49152K, 0% used [0x0000000780800000,0x0000000780800000,0x0000000783800000)
  from space 8192K, 99% used [0x0000000784000000,0x00000007847fd0a0,0x0000000784800000)
  to   space 8192K, 0% used [0x0000000783800000,0x0000000783800000,0x0000000784000000)
 ParOldGen       total 131072K, used 2611K [0x0000000701800000, 0x0000000709800000, 0x0000000780800000)
  object space 131072K, 1% used [0x0000000701800000,0x0000000701a8ce90,0x0000000709800000)
 Metaspace       used 15049K, capacity 15280K, committed 15616K, reserved 1062912K
  class space    used 1843K, capacity 1944K, committed 2048K, reserved 1048576K
}
Event: 2.686 GC heap before
{Heap before GC invocations=3 (full 0):
 PSYoungGen      total 57344K, used 57332K [0x0000000780800000, 0x0000000784800000, 0x00000007c0000000)
  eden space 49152K, 100% used [0x0000000780800000,0x0000000783800000,0x0000000783800000)
  from space 8192K, 99% used [0x0000000784000000,0x00000007847fd0a0,0x0000000784800000)
  to   space 8192K, 0% used [0x0000000783800000,0x0000000783800000,0x0000000784000000)
 ParOldGen       total 131072K, used 2611K [0x0000000701800000, 0x0000000709800000, 0x0000000780800000)
  object space 131072K, 1% used [0x0000000701800000,0x0000000701a8ce90,0x0000000709800000)
 Metaspace       used 15527K, capacity 15734K, committed 15872K, reserved 1062912K
  class space    used 1868K, capacity 1945K, committed 2048K, reserved 1048576K
Event: 2.698 GC heap after
Heap after GC invocations=3 (full 0):
 PSYoungGen      total 57344K, used 8176K [0x0000000780800000, 0x0000000787800000, 0x00000007c0000000)
  eden space 49152K, 0% used [0x0000000780800000,0x0000000780800000,0x0000000783800000)
  from space 8192K, 99% used [0x0000000783800000,0x0000000783ffc030,0x0000000784000000)
  to   space 8192K, 0% used [0x0000000787000000,0x0000000787000000,0x0000000787800000)
 ParOldGen       total 131072K, used 5808K [0x0000000701800000, 0x0000000709800000, 0x0000000780800000)
  object space 131072K, 4% used [0x0000000701800000,0x0000000701dac060,0x0000000709800000)
 Metaspace       used 15527K, capacity 15734K, committed 15872K, reserved 1062912K
  class space    used 1868K, capacity 1945K, committed 2048K, reserved 1048576K
}
Event: 3.121 GC heap before
{Heap before GC invocations=4 (full 0):
 PSYoungGen      total 57344K, used 57328K [0x0000000780800000, 0x0000000787800000, 0x00000007c0000000)
  eden space 49152K, 100% used [0x0000000780800000,0x0000000783800000,0x0000000783800000)
  from space 8192K, 99% used [0x0000000783800000,0x0000000783ffc030,0x0000000784000000)
  to   space 8192K, 0% used [0x0000000787000000,0x0000000787000000,0x0000000787800000)
 ParOldGen       total 131072K, used 5808K [0x0000000701800000, 0x0000000709800000, 0x0000000780800000)
  object space 131072K, 4% used [0x0000000701800000,0x0000000701dac060,0x0000000709800000)
 Metaspace       used 15788K, capacity 16058K, committed 16128K, reserved 1062912K
  class space    used 1885K, capacity 1983K, committed 2048K, reserved 1048576K
Event: 3.142 GC heap after
Heap after GC invocations=4 (full 0):
 PSYoungGen      total 106496K, used 8160K [0x0000000780800000, 0x0000000787800000, 0x00000007c0000000)
  eden space 98304K, 0% used [0x0000000780800000,0x0000000780800000,0x0000000786800000)
  from space 8192K, 99% used [0x0000000787000000,0x00000007877f8020,0x0000000787800000)
  to   space 8192K, 0% used [0x0000000786800000,0x0000000786800000,0x0000000787000000)
 ParOldGen       total 131072K, used 11163K [0x0000000701800000, 0x0000000709800000, 0x0000000780800000)
  object space 131072K, 8% used [0x0000000701800000,0x00000007022e6de8,0x0000000709800000)
 Metaspace       used 15788K, capacity 16058K, committed 16128K, reserved 1062912K
  class space    used 1885K, capacity 1983K, committed 2048K, reserved 1048576K
}
Event: 5.405 GC heap before
{Heap before GC invocations=5 (full 0):
 PSYoungGen      total 106496K, used 106464K [0x0000000780800000, 0x0000000787800000, 0x00000007c0000000)
  eden space 98304K, 100% used [0x0000000780800000,0x0000000786800000,0x0000000786800000)
  from space 8192K, 99% used [0x0000000787000000,0x00000007877f8020,0x0000000787800000)
  to   space 8192K, 0% used [0x0000000786800000,0x0000000786800000,0x0000000787000000)
 ParOldGen       total 131072K, used 11163K [0x0000000701800000, 0x0000000709800000, 0x0000000780800000)
  object space 131072K, 8% used [0x0000000701800000,0x00000007022e6de8,0x0000000709800000)
 Metaspace       used 17314K, capacity 17732K, committed 17792K, reserved 1064960K
  class space    used 2009K, capacity 2154K, committed 2176K, reserved 1048576K
Event: 5.441 GC heap after
Heap after GC invocations=5 (full 0):
 PSYoungGen      total 106496K, used 8176K [0x0000000780800000, 0x000000078ec00000, 0x00000007c0000000)
  eden space 98304K, 0% used [0x0000000780800000,0x0000000780800000,0x0000000786800000)
  from space 8192K, 99% used [0x0000000786800000,0x0000000786ffc010,0x0000000787000000)
  to   space 18432K, 0% used [0x000000078da00000,0x000000078da00000,0x000000078ec00000)
 ParOldGen       total 131072K, used 19119K [0x0000000701800000, 0x0000000709800000, 0x0000000780800000)
  object space 131072K, 14% used [0x0000000701800000,0x0000000702aabe10,0x0000000709800000)
 Metaspace       used 17314K, capacity 17732K, committed 17792K, reserved 1064960K
  class space    used 2009K, capacity 2154K, committed 2176K, reserved 1048576K
}

