# JRE version: Java(TM) SE Runtime Environment (8.0_161-b12) (build 1.8.0_161-b12)
# Java VM: Java HotSpot(TM) 64-Bit Server VM (25.161-b12 mixed mode windows-amd64 compressed oops)
Heap:
 PSYoungGen      total 84992K, used 30271K [0x0000000780800000, 0x0000000786980000, 0x00000007c0000000)
  eden space 76800K, 28% used [0x0000000780800000,0x0000000781d97d78,0x0000000785300000)
  from space 8192K, 99% used [0x0000000785b00000,0x00000007862f8020,0x0000000786300000)
  to   space 8192K, 0% used [0x0000000785300000,0x0000000785300000,0x0000000785b00000)
 ParOldGen       total 89088K, used 10265K [0x0000000701800000, 0x0000000706f00000, 0x0000000780800000)
  object space 89088K, 11% used [0x0000000701800000,0x00000007022067a8,0x0000000706f00000)
 Metaspace       used 15769K, capacity 16058K, committed 16384K, reserved 1064960K
  class space    used 1886K, capacity 1983K, committed 2048K, reserved 1048576K
GC Heap History (10 events):
Event: 1.717 GC heap before
{Heap before GC invocations=1 (full 0):
 PSYoungGen      total 57344K, used 25560K [0x0000000780800000, 0x0000000784800000, 0x00000007c0000000)
  eden space 49152K, 52% used [0x0000000780800000,0x00000007820f6288,0x0000000783800000)
  from space 8192K, 0% used [0x0000000784000000,0x0000000784000000,0x0000000784800000)
  to   space 8192K, 0% used [0x0000000783800000,0x0000000783800000,0x0000000784000000)
 ParOldGen       total 131072K, used 0K [0x0000000701800000, 0x0000000709800000, 0x0000000780800000)
  object space 131072K, 0% used [0x0000000701800000,0x0000000701800000,0x0000000709800000)
 Metaspace       used 8330K, capacity 8452K, committed 8576K, reserved 1060864K
  class space    used 1009K, capacity 1052K, committed 1152K, reserved 1048576K
Event: 1.722 GC heap after
Heap after GC invocations=1 (full 0):
 PSYoungGen      total 57344K, used 4482K [0x0000000780800000, 0x0000000784800000, 0x00000007c0000000)
  eden space 49152K, 0% used [0x0000000780800000,0x0000000780800000,0x0000000783800000)
  from space 8192K, 54% used [0x0000000783800000,0x0000000783c60a48,0x0000000784000000)
  to   space 8192K, 0% used [0x0000000784000000,0x0000000784000000,0x0000000784800000)
 ParOldGen       total 131072K, used 8K [0x0000000701800000, 0x0000000709800000, 0x0000000780800000)
  object space 131072K, 0% used [0x0000000701800000,0x0000000701802000,0x0000000709800000)
 Metaspace       used 8330K, capacity 8452K, committed 8576K, reserved 1060864K
  class space    used 1009K, capacity 1052K, committed 1152K, reserved 1048576K
}
Event: 1.722 GC heap before
{Heap before GC invocations=2 (full 1):
 PSYoungGen      total 57344K, used 4482K [0x0000000780800000, 0x0000000784800000, 0x00000007c0000000)
  eden space 49152K, 0% used [0x0000000780800000,0x0000000780800000,0x0000000783800000)
  from space 8192K, 54% used [0x0000000783800000,0x0000000783c60a48,0x0000000784000000)
  to   space 8192K, 0% used [0x0000000784000000,0x0000000784000000,0x0000000784800000)
 ParOldGen       total 131072K, used 8K [0x0000000701800000, 0x0000000709800000, 0x0000000780800000)
  object space 131072K, 0% used [0x0000000701800000,0x0000000701802000,0x0000000709800000)
 Metaspace       used 8330K, capacity 8452K, committed 8576K, reserved 1060864K
  class space    used 1009K, capacity 1052K, committed 1152K, reserved 1048576K
Event: 1.735 GC heap after
Heap after GC invocations=2 (full 1):
 PSYoungGen      total 57344K, used 0K [0x0000000780800000, 0x0000000784800000, 0x00000007c0000000)
  eden space 49152K, 0% used [0x0000000780800000,0x0000000780800000,0x0000000783800000)
  from space 8192K, 0% used [0x0000000783800000,0x0000000783800000,0x0000000784000000)
  to   space 8192K, 0% used [0x0000000784000000,0x0000000784000000,0x0000000784800000)
 ParOldGen       total 89088K, used 4218K [0x0000000701800000, 0x0000000706f00000, 0x0000000780800000)
  object space 89088K, 4% used [0x0000000701800000,0x0000000701c1eb28,0x0000000706f00000)
 Metaspace       used 8330K, capacity 8452K, committed 8576K, reserved 1058816K
  class space    used 1009K, capacity 1052K, committed 1152K, reserved 1048576K
}
Event: 2.768 GC heap before
{Heap before GC invocations=3 (full 1):
 PSYoungGen      total 57344K, used 49152K [0x0000000780800000, 0x0000000784800000, 0x00000007c0000000)
  eden space 49152K, 100% used [0x0000000780800000,0x0000000783800000,0x0000000783800000)
  from space 8192K, 0% used [0x0000000783800000,0x0000000783800000,0x0000000784000000)
  to   space 8192K, 0% used [0x0000000784000000,0x0000000784000000,0x0000000784800000)
 ParOldGen       total 89088K, used 4218K [0x0000000701800000, 0x0000000706f00000, 0x0000000780800000)
  object space 89088K, 4% used [0x0000000701800000,0x0000000701c1eb28,0x0000000706f00000)
 Metaspace       used 13099K, capacity 13334K, committed 13568K, reserved 1062912K
  class space    used 1657K, capacity 1737K, committed 1792K, reserved 1048576K
Event: 2.776 GC heap after
Heap after GC invocations=3 (full 1):
 PSYoungGen      total 57344K, used 7200K [0x0000000780800000, 0x0000000785b80000, 0x00000007c0000000)
  eden space 49152K, 0% used [0x0000000780800000,0x0000000780800000,0x0000000783800000)
  from space 8192K, 87% used [0x0000000784000000,0x0000000784708150,0x0000000784800000)
  to   space 8192K, 0% used [0x0000000783800000,0x0000000783800000,0x0000000784000000)
 ParOldGen       total 89088K, used 4226K [0x0000000701800000, 0x0000000706f00000, 0x0000000780800000)
  object space 89088K, 4% used [0x0000000701800000,0x0000000701c20b28,0x0000000706f00000)
 Metaspace       used 13099K, capacity 13334K, committed 13568K, reserved 1062912K
  class space    used 1657K, capacity 1737K, committed 1792K, reserved 1048576K
}
Event: 3.640 GC heap before
{Heap before GC invocations=4 (full 1):
 PSYoungGen      total 57344K, used 56352K [0x0000000780800000, 0x0000000785b80000, 0x00000007c0000000)
  eden space 49152K, 100% used [0x0000000780800000,0x0000000783800000,0x0000000783800000)
  from space 8192K, 87% used [0x0000000784000000,0x0000000784708150,0x0000000784800000)
  to   space 8192K, 0% used [0x0000000783800000,0x0000000783800000,0x0000000784000000)
 ParOldGen       total 89088K, used 4226K [0x0000000701800000, 0x0000000706f00000, 0x0000000780800000)
  object space 89088K, 4% used [0x0000000701800000,0x0000000701c20b28,0x0000000706f00000)
 Metaspace       used 15218K, capacity 15542K, committed 15872K, reserved 1064960K
  class space    used 1845K, capacity 1945K, committed 2048K, reserved 1048576K
Event: 3.655 GC heap after
Heap after GC invocations=4 (full 1):
 PSYoungGen      total 57344K, used 8176K [0x0000000780800000, 0x0000000786300000, 0x00000007c0000000)
  eden space 49152K, 0% used [0x0000000780800000,0x0000000780800000,0x0000000783800000)
  from space 8192K, 99% used [0x0000000783800000,0x0000000783ffc010,0x0000000784000000)
  to   space 8192K, 0% used [0x0000000785b00000,0x0000000785b00000,0x0000000786300000)
 ParOldGen       total 89088K, used 5348K [0x0000000701800000, 0x0000000706f00000, 0x0000000780800000)
  object space 89088K, 6% used [0x0000000701800000,0x0000000701d391a0,0x0000000706f00000)
 Metaspace       used 15218K, capacity 15542K, committed 15872K, reserved 1064960K
  class space    used 1845K, capacity 1945K, committed 2048K, reserved 1048576K
}
Event: 4.185 GC heap before
{Heap before GC invocations=5 (full 1):
 PSYoungGen      total 57344K, used 57328K [0x0000000780800000, 0x0000000786300000, 0x00000007c0000000)
  eden space 49152K, 100% used [0x0000000780800000,0x0000000783800000,0x0000000783800000)
  from space 8192K, 99% used [0x0000000783800000,0x0000000783ffc010,0x0000000784000000)
  to   space 8192K, 0% used [0x0000000785b00000,0x0000000785b00000,0x0000000786300000)
 ParOldGen       total 89088K, used 5348K [0x0000000701800000, 0x0000000706f00000, 0x0000000780800000)
  object space 89088K, 6% used [0x0000000701800000,0x0000000701d391a0,0x0000000706f00000)
 Metaspace       used 15634K, capacity 15894K, committed 16128K, reserved 1064960K
  class space    used 1880K, capacity 1977K, committed 2048K, reserved 1048576K
Event: 4.207 GC heap after
Heap after GC invocations=5 (full 1):
 PSYoungGen      total 84992K, used 8160K [0x0000000780800000, 0x0000000786980000, 0x00000007c0000000)
  eden space 76800K, 0% used [0x0000000780800000,0x0000000780800000,0x0000000785300000)
  from space 8192K, 99% used [0x0000000785b00000,0x00000007862f8020,0x0000000786300000)
  to   space 8192K, 0% used [0x0000000785300000,0x0000000785300000,0x0000000785b00000)
 ParOldGen       total 89088K, used 10265K [0x0000000701800000, 0x0000000706f00000, 0x0000000780800000)
  object space 89088K, 11% used [0x0000000701800000,0x00000007022067a8,0x0000000706f00000)
 Metaspace       used 15634K, capacity 15894K, committed 16128K, reserved 1064960K
  class space    used 1880K, capacity 1977K, committed 2048K, reserved 1048576K
}

